#0 building with "default" instance using docker driver

#1 [internal] load build definition from Dockerfile
#1 transferring dockerfile: 326B done
#1 WARN: FromAsCasing: 'as' and 'FROM' keywords' casing do not match (line 1)
#1 DONE 0.0s

#2 [internal] load metadata for docker.io/library/node:20-alpine
#2 ...

#3 [internal] load metadata for docker.io/library/nginx:alpine
#3 DONE 4.8s

#2 [internal] load metadata for docker.io/library/node:20-alpine
#2 DONE 5.5s

#4 [build 1/7] FROM docker.io/library/node:20-alpine@sha256:6178e78b972f79c335df281f4b7674a2d85071aae2af020ffa39f0a770265435
#4 DONE 0.0s

#5 [build 2/7] WORKDIR /app
#5 CACHED

#6 [stage-1 1/2] FROM docker.io/library/nginx:alpine@sha256:61e01287e546aac28a3f56839c136b31f590273f3b41187a36f46f6a03bbfe22
#6 CACHED

#7 [internal] load .dockerignore
#7 transferring context: 2B done
#7 DONE 0.0s

#8 [internal] load build context
#8 transferring context: 40.08MB 0.2s done
#8 DONE 0.2s

#9 [build 3/6] COPY package.json package-lock.json* ./
#9 CACHED

#10 [build 4/6] RUN npm install
#10 CACHED

#11 [build 5/6] COPY . .
#11 CACHED

#12 [build 6/6] RUN npm run build
#12 CACHED

#13 [stage-1 2/3] COPY --from=build /app/dist /usr/share/nginx/html
#13 CACHED

#14 [stage-1 3/3] COPY nginx.conf /etc/nginx/conf.d/default.conf
#14 ERROR: failed to calculate checksum of ref a9dcad65-20de-4d23-b5ff-a8803525c058::w211iv8vxwkvmqprkpibx87wj: "/nginx.conf": not found
------
 > [stage-1 3/3] COPY nginx.conf /etc/nginx/conf.d/default.conf:
------

 [33m1 warning found (use docker --debug to expand):
[0m - FromAsCasing: 'as' and 'FROM' keywords' casing do not match (line 1)
Dockerfile:10
--------------------
   8 |     FROM nginx:alpine
   9 |     COPY --from=build /app/dist /usr/share/nginx/html
  10 | >>> COPY nginx.conf /etc/nginx/conf.d/default.conf
  11 |     EXPOSE 80
  12 |     CMD ["nginx", "-g", "daemon off;"]
--------------------
ERROR: failed to solve: failed to compute cache key: failed to calculate checksum of ref a9dcad65-20de-4d23-b5ff-a8803525c058::w211iv8vxwkvmqprkpibx87wj: "/nginx.conf": not found
