nohup: ignoring input
#0 building with "default" instance using docker driver

#1 [internal] load build definition from Dockerfile
#1 transferring dockerfile: 290B done
#1 DONE 0.0s

#2 [internal] load metadata for docker.io/library/nginx:alpine
#2 DONE 3.3s

#3 [stage-1 1/2] FROM docker.io/library/nginx:alpine@sha256:61e01287e546aac28a3f56839c136b31f590273f3b41187a36f46f6a03bbfe22
#3 CACHED

#4 [internal] load .dockerignore
#4 transferring context: 2B done
#4 DONE 0.0s

#5 [2/3] WORKDIR /usr/share/nginx/html
#5 CACHED

#6 [internal] load build context
#6 transferring context: 59.22kB done
#6 DONE 0.0s

#7 [3/3] COPY ./dist .
#7 DONE 0.1s

#8 exporting to image
#8 exporting layers 0.0s done
#8 writing image sha256:88596a1255360a82f3dd8446cf590b2131d1f5ccd69531b02f2b8162a99c01da done
#8 naming to docker.io/cuiziwenn/k8s-ui-frontend:v1.0 done
#8 DONE 0.0s
