nohup: ignoring input
#0 building with "default" instance using docker driver

#1 [internal] load build definition from Dockerfile
#1 transferring dockerfile: 626B done
#1 DONE 0.0s

#2 [internal] load metadata for swr.cn-north-4.myhuaweicloud.com/ddn-k8s/docker.io/python:3.11
#2 DONE 0.4s

#3 [internal] load .dockerignore
#3 transferring context: 2B done
#3 DONE 0.0s

#4 [1/6] FROM swr.cn-north-4.myhuaweicloud.com/ddn-k8s/docker.io/python:3.11@sha256:37665bed71d9eb46132e28dbe22b6e03ca8fdd292b30d08332f1e185b852920c
#4 DONE 0.0s

#5 [internal] load build context
#5 transferring context: 161B done
#5 DONE 0.0s

#6 [4/6] COPY requirements.txt .
#6 CACHED

#7 [3/6] RUN apt-get update && apt-get install -y --no-install-recommends     build-essential     python3-dev     libssl-dev     libffi-dev     && rm -rf /var/lib/apt/lists/*
#7 CACHED

#8 [2/6] WORKDIR /app
#8 CACHED

#9 [5/6] RUN pip install --upgrade pip     && pip install --no-cache-dir -r requirements.txt -i https://pypi.tuna.tsinghua.edu.cn/simple
#9 CACHED

#10 [6/6] COPY app/ ./app
#10 DONE 0.0s

#11 exporting to image
#11 exporting layers 0.0s done
#11 writing image sha256:67b2bb8729874c6be8db748660fdebab39133cfd76f1f2a7fc729beed4b4af85 done
#11 naming to docker.io/cuiziwenn/k8s-ui-backend:v1.0 done
#11 DONE 0.0s
